10:27:09 **** Incremental Build of configuration Debug for project comparingFloats ****
make all 
Building file: ../src/comparingFloats.cpp
Invoking: GCC C++ Compiler
g++ -O0 -g3 -Wall -c -fmessage-length=0 -MMD -MP -MF"src/comparingFloats.d" -MT"src/comparingFloats.o" -o "src/comparingFloats.o" "../src/comparingFloats.cpp"
../src/comparingFloats.cpp:21:10: error: use of undeclared identifier 'setprecision'
        cout << setprecision(10) << value1 << endl;
                ^
1 error generated.
make: *** [src/comparingFloats.o] Error 1
10:27:13 **** Incremental Build of configuration Debug for project if ****
make all 
make: Nothing to be done for `all'.
10:27:25 **** Incremental Build of configuration Debug for project comparingFloats ****
make all 
Building file: ../src/comparingFloats.cpp
Invoking: GCC C++ Compiler
g++ -O0 -g3 -Wall -c -fmessage-length=0 -MMD -MP -MF"src/comparingFloats.d" -MT"src/comparingFloats.o" -o "src/comparingFloats.o" "../src/comparingFloats.cpp"
../src/comparingFloats.cpp:21:10: error: use of undeclared identifier 'setprecision'
        cout << setprecision(10) << value1 << endl;
                ^
1 error generated.
make: *** [src/comparingFloats.o] Error 1
10:28:18 **** Incremental Build of configuration Debug for project comparingFloats ****
make all 
Building file: ../src/comparingFloats.cpp
Invoking: GCC C++ Compiler
g++ -O0 -g3 -Wall -c -fmessage-length=0 -MMD -MP -MF"src/comparingFloats.d" -MT"src/comparingFloats.o" -o "src/comparingFloats.o" "../src/comparingFloats.cpp"
Finished building: ../src/comparingFloats.cpp
 
Building target: comparingFloats
Invoking: MacOS X C++ Linker
g++  -o "comparingFloats"  ./src/comparingFloats.o   
Finished building target: comparingFloats
 
10:28:21 **** Incremental Build of configuration Debug for project comparingFloats ****
make all 
make: Nothing to be done for `all'.
10:32:12 **** Build of configuration Debug for project complexConditions ****
make all 
Building file: ../src/complexConditions.cpp
Invoking: GCC C++ Compiler
g++ -O0 -g3 -Wall -c -fmessage-length=0 -MMD -MP -MF"src/complexConditions.d" -MT"src/complexConditions.o" -o "src/complexConditions.o" "../src/complexConditions.cpp"
../src/complexConditions.cpp:22:6: warning: unused variable 'value2' [-Wunused-variable]
        int value2 = 4;
            ^
1 warning generated.
Finished building: ../src/complexConditions.cpp
 
Building target: complexConditions
Invoking: MacOS X C++ Linker
g++  -o "complexConditions"  ./src/complexConditions.o   
Finished building target: complexConditions
 
10:32:16 **** Incremental Build of configuration Debug for project complexConditions ****
make all 
make: Nothing to be done for `all'.
10:32:22 **** Incremental Build of configuration Debug for project complexConditions ****
make all 
Building file: ../src/complexConditions.cpp
Invoking: GCC C++ Compiler
g++ -O0 -g3 -Wall -c -fmessage-length=0 -MMD -MP -MF"src/complexConditions.d" -MT"src/complexConditions.o" -o "src/complexConditions.o" "../src/complexConditions.cpp"
../src/complexConditions.cpp:22:6: warning: unused variable 'value2' [-Wunused-variable]
        int value2 = 4;
            ^
1 warning generated.
Finished building: ../src/complexConditions.cpp
 
Building target: complexConditions
Invoking: MacOS X C++ Linker
g++  -o "complexConditions"  ./src/complexConditions.o   
Finished building target: complexConditions
 
10:33:36 **** Incremental Build of configuration Debug for project complexConditions ****
make all 
Building file: ../src/complexConditions.cpp
Invoking: GCC C++ Compiler
g++ -O0 -g3 -Wall -c -fmessage-length=0 -MMD -MP -MF"src/complexConditions.d" -MT"src/complexConditions.o" -o "src/complexConditions.o" "../src/complexConditions.cpp"
Finished building: ../src/complexConditions.cpp
 
Building target: complexConditions
Invoking: MacOS X C++ Linker
g++  -o "complexConditions"  ./src/complexConditions.o   
Finished building target: complexConditions
 
10:33:44 **** Incremental Build of configuration Debug for project complexConditions ****
make all 
Building file: ../src/complexConditions.cpp
Invoking: GCC C++ Compiler
g++ -O0 -g3 -Wall -c -fmessage-length=0 -MMD -MP -MF"src/complexConditions.d" -MT"src/complexConditions.o" -o "src/complexConditions.o" "../src/complexConditions.cpp"
Finished building: ../src/complexConditions.cpp
 
Building target: complexConditions
Invoking: MacOS X C++ Linker
g++  -o "complexConditions"  ./src/complexConditions.o   
Finished building target: complexConditions
 
10:34:27 **** Incremental Build of configuration Debug for project complexConditions ****
make all 
Building file: ../src/complexConditions.cpp
Invoking: GCC C++ Compiler
g++ -O0 -g3 -Wall -c -fmessage-length=0 -MMD -MP -MF"src/complexConditions.d" -MT"src/complexConditions.o" -o "src/complexConditions.o" "../src/complexConditions.cpp"
Finished building: ../src/complexConditions.cpp
 
Building target: complexConditions
Invoking: MacOS X C++ Linker
g++  -o "complexConditions"  ./src/complexConditions.o   
Finished building target: complexConditions
 
10:34:36 **** Incremental Build of configuration Debug for project complexConditions ****
make all 
Building file: ../src/complexConditions.cpp
Invoking: GCC C++ Compiler
g++ -O0 -g3 -Wall -c -fmessage-length=0 -MMD -MP -MF"src/complexConditions.d" -MT"src/complexConditions.o" -o "src/complexConditions.o" "../src/complexConditions.cpp"
Finished building: ../src/complexConditions.cpp
 
Building target: complexConditions
Invoking: MacOS X C++ Linker
g++  -o "complexConditions"  ./src/complexConditions.o   
Finished building target: complexConditions
 
10:34:43 **** Incremental Build of configuration Debug for project complexConditions ****
make all 
Building file: ../src/complexConditions.cpp
Invoking: GCC C++ Compiler
g++ -O0 -g3 -Wall -c -fmessage-length=0 -MMD -MP -MF"src/complexConditions.d" -MT"src/complexConditions.o" -o "src/complexConditions.o" "../src/complexConditions.cpp"
Finished building: ../src/complexConditions.cpp
 
Building target: complexConditions
Invoking: MacOS X C++ Linker
g++  -o "complexConditions"  ./src/complexConditions.o   
Finished building target: complexConditions
 
11:02:38 **** Build of configuration Debug for project while ****
make all 
Building file: ../src/while.cpp
Invoking: GCC C++ Compiler
g++ -O0 -g3 -Wall -c -fmessage-length=0 -MMD -MP -MF"src/while.d" -MT"src/while.o" -o "src/while.o" "../src/while.cpp"
Finished building: ../src/while.cpp
 
Building target: while
Invoking: MacOS X C++ Linker
g++  -o "while"  ./src/while.o   
Finished building target: while
 
11:02:42 **** Incremental Build of configuration Debug for project while ****
make all 
make: Nothing to be done for `all'.
11:02:51 **** Incremental Build of configuration Debug for project while ****
make all 
Building file: ../src/while.cpp
Invoking: GCC C++ Compiler
g++ -O0 -g3 -Wall -c -fmessage-length=0 -MMD -MP -MF"src/while.d" -MT"src/while.o" -o "src/while.o" "../src/while.cpp"
Finished building: ../src/while.cpp
 
Building target: while
Invoking: MacOS X C++ Linker
g++  -o "while"  ./src/while.o   
Finished building target: while
 
11:03:34 **** Incremental Build of configuration Debug for project while ****
make all 
Building file: ../src/while.cpp
Invoking: GCC C++ Compiler
g++ -O0 -g3 -Wall -c -fmessage-length=0 -MMD -MP -MF"src/while.d" -MT"src/while.o" -o "src/while.o" "../src/while.cpp"
Finished building: ../src/while.cpp
 
Building target: while
Invoking: MacOS X C++ Linker
g++  -o "while"  ./src/while.o   
Finished building target: while
 
11:03:48 **** Incremental Build of configuration Debug for project while ****
make all 
Building file: ../src/while.cpp
Invoking: GCC C++ Compiler
g++ -O0 -g3 -Wall -c -fmessage-length=0 -MMD -MP -MF"src/while.d" -MT"src/while.o" -o "src/while.o" "../src/while.cpp"
Finished building: ../src/while.cpp
 
Building target: while
Invoking: MacOS X C++ Linker
g++  -o "while"  ./src/while.o   
Finished building target: while
 
11:10:01 **** Incremental Build of configuration Debug for project while ****
make all 
Building file: ../src/while.cpp
Invoking: GCC C++ Compiler
g++ -O0 -g3 -Wall -c -fmessage-length=0 -MMD -MP -MF"src/while.d" -MT"src/while.o" -o "src/while.o" "../src/while.cpp"
../src/while.cpp:36:15: error: expected ';' after expression
                cin >> input
                            ^
                            ;
1 error generated.
make: *** [src/while.o] Error 1
11:10:17 **** Incremental Build of configuration Debug for project while ****
make all 
Building file: ../src/while.cpp
Invoking: GCC C++ Compiler
g++ -O0 -g3 -Wall -c -fmessage-length=0 -MMD -MP -MF"src/while.d" -MT"src/while.o" -o "src/while.o" "../src/while.cpp"
Finished building: ../src/while.cpp
 
Building target: while
Invoking: MacOS X C++ Linker
g++  -o "while"  ./src/while.o   
Finished building target: while
 
11:12:09 **** Incremental Build of configuration Debug for project while ****
make all 
Building file: ../src/while.cpp
Invoking: GCC C++ Compiler
g++ -O0 -g3 -Wall -c -fmessage-length=0 -MMD -MP -MF"src/while.d" -MT"src/while.o" -o "src/while.o" "../src/while.cpp"
Finished building: ../src/while.cpp
 
Building target: while
Invoking: MacOS X C++ Linker
g++  -o "while"  ./src/while.o   
Finished building target: while
 
11:15:40 **** Build of configuration Debug for project for ****
make all 
Building file: ../src/for.cpp
Invoking: GCC C++ Compiler
g++ -O0 -g3 -Wall -c -fmessage-length=0 -MMD -MP -MF"src/for.d" -MT"src/for.o" -o "src/for.o" "../src/for.cpp"
Finished building: ../src/for.cpp
 
Building target: for
Invoking: MacOS X C++ Linker
g++  -o "for"  ./src/for.o   
Finished building target: for
 
11:15:46 **** Incremental Build of configuration Debug for project for ****
make all 
make: Nothing to be done for `all'.
11:18:56 **** Incremental Build of configuration Debug for project for ****
make all 
Building file: ../src/for.cpp
Invoking: GCC C++ Compiler
g++ -O0 -g3 -Wall -c -fmessage-length=0 -MMD -MP -MF"src/for.d" -MT"src/for.o" -o "src/for.o" "../src/for.cpp"
Finished building: ../src/for.cpp
 
Building target: for
Invoking: MacOS X C++ Linker
g++  -o "for"  ./src/for.o   
Finished building target: for
 
11:20:09 **** Incremental Build of configuration Debug for project for ****
make all 
Building file: ../src/for.cpp
Invoking: GCC C++ Compiler
g++ -O0 -g3 -Wall -c -fmessage-length=0 -MMD -MP -MF"src/for.d" -MT"src/for.o" -o "src/for.o" "../src/for.cpp"
Finished building: ../src/for.cpp
 
Building target: for
Invoking: MacOS X C++ Linker
g++  -o "for"  ./src/for.o   
Finished building target: for
 
11:20:28 **** Incremental Build of configuration Debug for project for ****
make all 
Building file: ../src/for.cpp
Invoking: GCC C++ Compiler
g++ -O0 -g3 -Wall -c -fmessage-length=0 -MMD -MP -MF"src/for.d" -MT"src/for.o" -o "src/for.o" "../src/for.cpp"
Finished building: ../src/for.cpp
 
Building target: for
Invoking: MacOS X C++ Linker
g++  -o "for"  ./src/for.o   
Finished building target: for
 
11:20:34 **** Incremental Build of configuration Debug for project for ****
make all 
Building file: ../src/for.cpp
Invoking: GCC C++ Compiler
g++ -O0 -g3 -Wall -c -fmessage-length=0 -MMD -MP -MF"src/for.d" -MT"src/for.o" -o "src/for.o" "../src/for.cpp"
Finished building: ../src/for.cpp
 
Building target: for
Invoking: MacOS X C++ Linker
g++  -o "for"  ./src/for.o   
Finished building target: for
 
11:20:45 **** Incremental Build of configuration Debug for project for ****
make all 
Building file: ../src/for.cpp
Invoking: GCC C++ Compiler
g++ -O0 -g3 -Wall -c -fmessage-length=0 -MMD -MP -MF"src/for.d" -MT"src/for.o" -o "src/for.o" "../src/for.cpp"
Finished building: ../src/for.cpp
 
Building target: for
Invoking: MacOS X C++ Linker
g++  -o "for"  ./src/for.o   
Finished building target: for
 
11:21:02 **** Incremental Build of configuration Debug for project for ****
make all 
Building file: ../src/for.cpp
Invoking: GCC C++ Compiler
g++ -O0 -g3 -Wall -c -fmessage-length=0 -MMD -MP -MF"src/for.d" -MT"src/for.o" -o "src/for.o" "../src/for.cpp"
Finished building: ../src/for.cpp
 
Building target: for
Invoking: MacOS X C++ Linker
g++  -o "for"  ./src/for.o   
Finished building target: for
 
11:27:54 **** Incremental Build of configuration Debug for project for ****
make all 
Building file: ../src/for.cpp
Invoking: GCC C++ Compiler
g++ -O0 -g3 -Wall -c -fmessage-length=0 -MMD -MP -MF"src/for.d" -MT"src/for.o" -o "src/for.o" "../src/for.cpp"
Finished building: ../src/for.cpp
 
Building target: for
Invoking: MacOS X C++ Linker
g++  -o "for"  ./src/for.o   
Finished building target: for
 
11:28:38 **** Incremental Build of configuration Debug for project for ****
make all 
Building file: ../src/for.cpp
Invoking: GCC C++ Compiler
g++ -O0 -g3 -Wall -c -fmessage-length=0 -MMD -MP -MF"src/for.d" -MT"src/for.o" -o "src/for.o" "../src/for.cpp"
Finished building: ../src/for.cpp
 
Building target: for
Invoking: MacOS X C++ Linker
g++  -o "for"  ./src/for.o   
Finished building target: for
 
11:35:48 **** Build of configuration Debug for project arrays ****
make all 
Building file: ../src/arrays.cpp
Invoking: GCC C++ Compiler
g++ -O0 -g3 -Wall -c -fmessage-length=0 -MMD -MP -MF"src/arrays.d" -MT"src/arrays.o" -o "src/arrays.o" "../src/arrays.cpp"
../src/arrays.cpp:17:12: warning: equality comparison result unused [-Wunused-comparison]
        values[1] == 23;
        ~~~~~~~~~~^~~~~
../src/arrays.cpp:17:12: note: use '=' to turn this equality comparison into an assignment
        values[1] == 23;
                  ^~
                  =
../src/arrays.cpp:18:12: warning: equality comparison result unused [-Wunused-comparison]
        values[2] == 29;
        ~~~~~~~~~~^~~~~
../src/arrays.cpp:18:12: note: use '=' to turn this equality comparison into an assignment
        values[2] == 29;
                  ^~
                  =
2 warnings generated.
Finished building: ../src/arrays.cpp
 
Building target: arrays
Invoking: MacOS X C++ Linker
g++  -o "arrays"  ./src/arrays.o   
Finished building target: arrays
 
11:35:55 **** Incremental Build of configuration Debug for project arrays ****
make all 
make: Nothing to be done for `all'.
11:36:19 **** Incremental Build of configuration Debug for project arrays ****
make all 
Building file: ../src/arrays.cpp
Invoking: GCC C++ Compiler
g++ -O0 -g3 -Wall -c -fmessage-length=0 -MMD -MP -MF"src/arrays.d" -MT"src/arrays.o" -o "src/arrays.o" "../src/arrays.cpp"
../src/arrays.cpp:17:12: warning: equality comparison result unused [-Wunused-comparison]
        values[1] == 23;
        ~~~~~~~~~~^~~~~
../src/arrays.cpp:17:12: note: use '=' to turn this equality comparison into an assignment
        values[1] == 23;
                  ^~
                  =
../src/arrays.cpp:18:12: warning: equality comparison result unused [-Wunused-comparison]
        values[2] == 29;
        ~~~~~~~~~~^~~~~
../src/arrays.cpp:18:12: note: use '=' to turn this equality comparison into an assignment
        values[2] == 29;
                  ^~
                  =
2 warnings generated.
Finished building: ../src/arrays.cpp
 
Building target: arrays
Invoking: MacOS X C++ Linker
g++  -o "arrays"  ./src/arrays.o   
Finished building target: arrays
 
11:36:48 **** Incremental Build of configuration Debug for project arrays ****
make all 
Building file: ../src/arrays.cpp
Invoking: GCC C++ Compiler
g++ -O0 -g3 -Wall -c -fmessage-length=0 -MMD -MP -MF"src/arrays.d" -MT"src/arrays.o" -o "src/arrays.o" "../src/arrays.cpp"
Finished building: ../src/arrays.cpp
 
Building target: arrays
Invoking: MacOS X C++ Linker
g++  -o "arrays"  ./src/arrays.o   
Finished building target: arrays
 
11:37:50 **** Incremental Build of configuration Debug for project arrays ****
make all 
Building file: ../src/arrays.cpp
Invoking: GCC C++ Compiler
g++ -O0 -g3 -Wall -c -fmessage-length=0 -MMD -MP -MF"src/arrays.d" -MT"src/arrays.o" -o "src/arrays.o" "../src/arrays.cpp"
Finished building: ../src/arrays.cpp
 
Building target: arrays
Invoking: MacOS X C++ Linker
g++  -o "arrays"  ./src/arrays.o   
Finished building target: arrays
 
11:38:56 **** Incremental Build of configuration Debug for project arrays ****
make all 
Building file: ../src/arrays.cpp
Invoking: GCC C++ Compiler
g++ -O0 -g3 -Wall -c -fmessage-length=0 -MMD -MP -MF"src/arrays.d" -MT"src/arrays.o" -o "src/arrays.o" "../src/arrays.cpp"
Finished building: ../src/arrays.cpp
 
Building target: arrays
Invoking: MacOS X C++ Linker
g++  -o "arrays"  ./src/arrays.o   
Finished building target: arrays
 
11:42:38 **** Incremental Build of configuration Debug for project arrays ****
make all 
Building file: ../src/arrays.cpp
Invoking: GCC C++ Compiler
g++ -O0 -g3 -Wall -c -fmessage-length=0 -MMD -MP -MF"src/arrays.d" -MT"src/arrays.o" -o "src/arrays.o" "../src/arrays.cpp"
../src/arrays.cpp:32:34: error: use of undeclared identifier 'i'
                cout << "Element at index " << i << ": " << numbers[j] << endl;
                                               ^
../src/arrays.cpp:41:34: error: use of undeclared identifier 'i'
                cout << "Element at index " << i << ": " << numbers[j] << endl;
                                               ^
2 errors generated.
make: *** [src/arrays.o] Error 1
11:53:42 **** Incremental Build of configuration Debug for project arrays ****
make all 
Building file: ../src/arrays.cpp
Invoking: GCC C++ Compiler
g++ -O0 -g3 -Wall -c -fmessage-length=0 -MMD -MP -MF"src/arrays.d" -MT"src/arrays.o" -o "src/arrays.o" "../src/arrays.cpp"
../src/arrays.cpp:39:6: warning: unused variable 'numberArray' [-Wunused-variable]
        int numberArray[8] = {};
            ^
1 warning generated.
Finished building: ../src/arrays.cpp
 
Building target: arrays
Invoking: MacOS X C++ Linker
g++  -o "arrays"  ./src/arrays.o   
Finished building target: arrays
 
11:54:13 **** Incremental Build of configuration Debug for project arrays ****
make all 
Building file: ../src/arrays.cpp
Invoking: GCC C++ Compiler
g++ -O0 -g3 -Wall -c -fmessage-length=0 -MMD -MP -MF"src/arrays.d" -MT"src/arrays.o" -o "src/arrays.o" "../src/arrays.cpp"
Finished building: ../src/arrays.cpp
 
Building target: arrays
Invoking: MacOS X C++ Linker
g++  -o "arrays"  ./src/arrays.o   
Finished building target: arrays
 
11:58:36 **** Incremental Build of configuration Debug for project arrays ****
make all 
Building file: ../src/arrays.cpp
Invoking: GCC C++ Compiler
g++ -O0 -g3 -Wall -c -fmessage-length=0 -MMD -MP -MF"src/arrays.d" -MT"src/arrays.o" -o "src/arrays.o" "../src/arrays.cpp"
Finished building: ../src/arrays.cpp
 
Building target: arrays
Invoking: MacOS X C++ Linker
g++  -o "arrays"  ./src/arrays.o   
Finished building target: arrays
 
12:04:57 **** Incremental Build of configuration Debug for project arrays ****
make all 
Building file: ../src/arrays.cpp
Invoking: GCC C++ Compiler
g++ -O0 -g3 -Wall -c -fmessage-length=0 -MMD -MP -MF"src/arrays.d" -MT"src/arrays.o" -o "src/arrays.o" "../src/arrays.cpp"
Finished building: ../src/arrays.cpp
 
Building target: arrays
Invoking: MacOS X C++ Linker
g++  -o "arrays"  ./src/arrays.o   
Finished building target: arrays
 
12:05:29 **** Incremental Build of configuration Debug for project arrays ****
make all 
Building file: ../src/arrays.cpp
Invoking: GCC C++ Compiler
g++ -O0 -g3 -Wall -c -fmessage-length=0 -MMD -MP -MF"src/arrays.d" -MT"src/arrays.o" -o "src/arrays.o" "../src/arrays.cpp"
Finished building: ../src/arrays.cpp
 
Building target: arrays
Invoking: MacOS X C++ Linker
g++  -o "arrays"  ./src/arrays.o   
Finished building target: arrays
 
12:05:45 **** Incremental Build of configuration Debug for project arrays ****
make all 
Building file: ../src/arrays.cpp
Invoking: GCC C++ Compiler
g++ -O0 -g3 -Wall -c -fmessage-length=0 -MMD -MP -MF"src/arrays.d" -MT"src/arrays.o" -o "src/arrays.o" "../src/arrays.cpp"
Finished building: ../src/arrays.cpp
 
Building target: arrays
Invoking: MacOS X C++ Linker
g++  -o "arrays"  ./src/arrays.o   
Finished building target: arrays
 
12:06:13 **** Incremental Build of configuration Debug for project arrays ****
make all 
Building file: ../src/arrays.cpp
Invoking: GCC C++ Compiler
g++ -O0 -g3 -Wall -c -fmessage-length=0 -MMD -MP -MF"src/arrays.d" -MT"src/arrays.o" -o "src/arrays.o" "../src/arrays.cpp"
Finished building: ../src/arrays.cpp
 
Building target: arrays
Invoking: MacOS X C++ Linker
g++  -o "arrays"  ./src/arrays.o   
Finished building target: arrays
 
12:06:30 **** Incremental Build of configuration Debug for project arrays ****
make all 
Building file: ../src/arrays.cpp
Invoking: GCC C++ Compiler
g++ -O0 -g3 -Wall -c -fmessage-length=0 -MMD -MP -MF"src/arrays.d" -MT"src/arrays.o" -o "src/arrays.o" "../src/arrays.cpp"
Finished building: ../src/arrays.cpp
 
Building target: arrays
Invoking: MacOS X C++ Linker
g++  -o "arrays"  ./src/arrays.o   
Finished building target: arrays
 
12:10:11 **** Build of configuration Debug for project multidimensionalArrays ****
make all 
Building file: ../src/multidimensionalArrays.cpp
Invoking: GCC C++ Compiler
g++ -O0 -g3 -Wall -c -fmessage-length=0 -MMD -MP -MF"src/multidimensionalArrays.d" -MT"src/multidimensionalArrays.o" -o "src/multidimensionalArrays.o" "../src/multidimensionalArrays.cpp"
Finished building: ../src/multidimensionalArrays.cpp
 
Building target: multidimensionalArrays
Invoking: MacOS X C++ Linker
g++  -o "multidimensionalArrays"  ./src/multidimensionalArrays.o   
Finished building target: multidimensionalArrays
 
12:10:16 **** Incremental Build of configuration Debug for project multidimensionalArrays ****
make all 
make: Nothing to be done for `all'.
12:10:55 **** Incremental Build of configuration Debug for project multidimensionalArrays ****
make all 
Building file: ../src/multidimensionalArrays.cpp
Invoking: GCC C++ Compiler
g++ -O0 -g3 -Wall -c -fmessage-length=0 -MMD -MP -MF"src/multidimensionalArrays.d" -MT"src/multidimensionalArrays.o" -o "src/multidimensionalArrays.o" "../src/multidimensionalArrays.cpp"
Finished building: ../src/multidimensionalArrays.cpp
 
Building target: multidimensionalArrays
Invoking: MacOS X C++ Linker
g++  -o "multidimensionalArrays"  ./src/multidimensionalArrays.o   
Finished building target: multidimensionalArrays
 
12:14:31 **** Incremental Build of configuration Debug for project multidimensionalArrays ****
make all 
Building file: ../src/multidimensionalArrays.cpp
Invoking: GCC C++ Compiler
g++ -O0 -g3 -Wall -c -fmessage-length=0 -MMD -MP -MF"src/multidimensionalArrays.d" -MT"src/multidimensionalArrays.o" -o "src/multidimensionalArrays.o" "../src/multidimensionalArrays.cpp"
Finished building: ../src/multidimensionalArrays.cpp
 
Building target: multidimensionalArrays
Invoking: MacOS X C++ Linker
g++  -o "multidimensionalArrays"  ./src/multidimensionalArrays.o   
Finished building target: multidimensionalArrays
 
12:16:11 **** Build of configuration Debug for project sizeof ****
make all 
Building file: ../src/sizeof.cpp
Invoking: GCC C++ Compiler
g++ -O0 -g3 -Wall -c -fmessage-length=0 -MMD -MP -MF"src/sizeof.d" -MT"src/sizeof.o" -o "src/sizeof.o" "../src/sizeof.cpp"
../src/sizeof.cpp:14:6: error: excess elements in scalar initializer
        int values = {4, 7, 3, 4};
            ^          ~~~~~~~~~~
1 error generated.
make: *** [src/sizeof.o] Error 1
12:16:42 **** Incremental Build of configuration Debug for project sizeof ****
make all 
Building file: ../src/sizeof.cpp
Invoking: GCC C++ Compiler
g++ -O0 -g3 -Wall -c -fmessage-length=0 -MMD -MP -MF"src/sizeof.d" -MT"src/sizeof.o" -o "src/sizeof.o" "../src/sizeof.cpp"
../src/sizeof.cpp:14:6: error: excess elements in scalar initializer
        int values = {4, 7, 3, 4};
            ^          ~~~~~~~~~~
1 error generated.
make: *** [src/sizeof.o] Error 1
12:16:53 **** Incremental Build of configuration Debug for project sizeof ****
make all 
Building file: ../src/sizeof.cpp
Invoking: GCC C++ Compiler
g++ -O0 -g3 -Wall -c -fmessage-length=0 -MMD -MP -MF"src/sizeof.d" -MT"src/sizeof.o" -o "src/sizeof.o" "../src/sizeof.cpp"
Finished building: ../src/sizeof.cpp
 
Building target: sizeof
Invoking: MacOS X C++ Linker
g++  -o "sizeof"  ./src/sizeof.o   
Finished building target: sizeof
 
12:17:44 **** Incremental Build of configuration Debug for project sizeof ****
make all 
Building file: ../src/sizeof.cpp
Invoking: GCC C++ Compiler
g++ -O0 -g3 -Wall -c -fmessage-length=0 -MMD -MP -MF"src/sizeof.d" -MT"src/sizeof.o" -o "src/sizeof.o" "../src/sizeof.cpp"
Finished building: ../src/sizeof.cpp
 
Building target: sizeof
Invoking: MacOS X C++ Linker
g++  -o "sizeof"  ./src/sizeof.o   
Finished building target: sizeof
 
12:17:57 **** Incremental Build of configuration Debug for project sizeof ****
make all 
Building file: ../src/sizeof.cpp
Invoking: GCC C++ Compiler
g++ -O0 -g3 -Wall -c -fmessage-length=0 -MMD -MP -MF"src/sizeof.d" -MT"src/sizeof.o" -o "src/sizeof.o" "../src/sizeof.cpp"
Finished building: ../src/sizeof.cpp
 
Building target: sizeof
Invoking: MacOS X C++ Linker
g++  -o "sizeof"  ./src/sizeof.o   
Finished building target: sizeof
 
12:19:08 **** Incremental Build of configuration Debug for project multidimensionalArrays ****
make all 
Building file: ../src/multidimensionalArrays.cpp
Invoking: GCC C++ Compiler
g++ -O0 -g3 -Wall -c -fmessage-length=0 -MMD -MP -MF"src/multidimensionalArrays.d" -MT"src/multidimensionalArrays.o" -o "src/multidimensionalArrays.o" "../src/multidimensionalArrays.cpp"
Finished building: ../src/multidimensionalArrays.cpp
 
Building target: multidimensionalArrays
Invoking: MacOS X C++ Linker
g++  -o "multidimensionalArrays"  ./src/multidimensionalArrays.o   
Finished building target: multidimensionalArrays
 
12:19:54 **** Incremental Build of configuration Debug for project multidimensionalArrays ****
make all 
make: Nothing to be done for `all'.
12:23:17 **** Incremental Build of configuration Debug for project multidimensionalArrays ****
make all 
Building file: ../src/multidimensionalArrays.cpp
Invoking: GCC C++ Compiler
g++ -O0 -g3 -Wall -c -fmessage-length=0 -MMD -MP -MF"src/multidimensionalArrays.d" -MT"src/multidimensionalArrays.o" -o "src/multidimensionalArrays.o" "../src/multidimensionalArrays.cpp"
Finished building: ../src/multidimensionalArrays.cpp
 
Building target: multidimensionalArrays
Invoking: MacOS X C++ Linker
g++  -o "multidimensionalArrays"  ./src/multidimensionalArrays.o   
Finished building target: multidimensionalArrays
 
12:26:38 **** Build of configuration Debug for project switch ****
make all 
Building file: ../src/switch.cpp
Invoking: GCC C++ Compiler
g++ -O0 -g3 -Wall -c -fmessage-length=0 -MMD -MP -MF"src/switch.d" -MT"src/switch.o" -o "src/switch.o" "../src/switch.cpp"
Finished building: ../src/switch.cpp
 
Building target: switch
Invoking: MacOS X C++ Linker
g++  -o "switch"  ./src/switch.o   
Finished building target: switch
 
12:27:13 **** Incremental Build of configuration Debug for project switch ****
make all 
Building file: ../src/switch.cpp
Invoking: GCC C++ Compiler
g++ -O0 -g3 -Wall -c -fmessage-length=0 -MMD -MP -MF"src/switch.d" -MT"src/switch.o" -o "src/switch.o" "../src/switch.cpp"
Finished building: ../src/switch.cpp
 
Building target: switch
Invoking: MacOS X C++ Linker
g++  -o "switch"  ./src/switch.o   
Finished building target: switch
 
12:33:47 **** Incremental Build of configuration Debug for project switch ****
make all 
Building file: ../src/switch.cpp
Invoking: GCC C++ Compiler
g++ -O0 -g3 -Wall -c -fmessage-length=0 -MMD -MP -MF"src/switch.d" -MT"src/switch.o" -o "src/switch.o" "../src/switch.cpp"
../src/switch.cpp:36:3: error: statement requires expression of integer type ('string' (aka 'basic_string<char, char_traits<char>, allocator<char> >') invalid)
                switch(pokemon) {
                ^      ~~~~~~~
../src/switch.cpp:37:8: error: expression is not an integral constant expression
                case "pidgey":
                     ^~~~~~~~
../src/switch.cpp:40:8: error: expression is not an integral constant expression
                case "psyduck":
                     ^~~~~~~~~
3 errors generated.
make: *** [src/switch.o] Error 1
12:35:28 **** Incremental Build of configuration Debug for project switch ****
make all 
Building file: ../src/switch.cpp
Invoking: GCC C++ Compiler
g++ -O0 -g3 -Wall -c -fmessage-length=0 -MMD -MP -MF"src/switch.d" -MT"src/switch.o" -o "src/switch.o" "../src/switch.cpp"
Finished building: ../src/switch.cpp
 
Building target: switch
Invoking: MacOS X C++ Linker
g++  -o "switch"  ./src/switch.o   
Finished building target: switch
 
01:03:40 **** Build of configuration Debug for project functions ****
make all 
Building file: ../src/functions.cpp
Invoking: GCC C++ Compiler
g++ -O0 -g3 -Wall -c -fmessage-length=0 -MMD -MP -MF"src/functions.d" -MT"src/functions.o" -o "src/functions.o" "../src/functions.cpp"
Finished building: ../src/functions.cpp
 
Building target: functions
Invoking: MacOS X C++ Linker
g++  -o "functions"  ./src/functions.o   
Finished building target: functions
 
01:04:22 **** Incremental Build of configuration Debug for project functions ****
make all 
Building file: ../src/functions.cpp
Invoking: GCC C++ Compiler
g++ -O0 -g3 -Wall -c -fmessage-length=0 -MMD -MP -MF"src/functions.d" -MT"src/functions.o" -o "src/functions.o" "../src/functions.cpp"
Finished building: ../src/functions.cpp
 
Building target: functions
Invoking: MacOS X C++ Linker
g++  -o "functions"  ./src/functions.o   
Finished building target: functions
 
01:04:51 **** Incremental Build of configuration Debug for project functions ****
make all 
Building file: ../src/functions.cpp
Invoking: GCC C++ Compiler
g++ -O0 -g3 -Wall -c -fmessage-length=0 -MMD -MP -MF"src/functions.d" -MT"src/functions.o" -o "src/functions.o" "../src/functions.cpp"
Finished building: ../src/functions.cpp
 
Building target: functions
Invoking: MacOS X C++ Linker
g++  -o "functions"  ./src/functions.o   
Finished building target: functions
 
01:04:56 **** Incremental Build of configuration Debug for project functions ****
make all 
make: Nothing to be done for `all'.
01:15:34 **** Incremental Build of configuration Debug for project functions ****
make all 
Building file: ../src/functions.cpp
Invoking: GCC C++ Compiler
g++ -O0 -g3 -Wall -c -fmessage-length=0 -MMD -MP -MF"src/functions.d" -MT"src/functions.o" -o "src/functions.o" "../src/functions.cpp"
../src/functions.cpp:22:2: error: void function 'getInput' should not return a value [-Wreturn-type]
        return input;
        ^      ~~~~~
../src/functions.cpp:43:6: error: cannot initialize a variable of type 'int' with an rvalue of type 'void'
        int selection = getInput();
            ^           ~~~~~~~~~~
2 errors generated.
make: *** [src/functions.o] Error 1
01:16:34 **** Incremental Build of configuration Debug for project functions ****
make all 
Building file: ../src/functions.cpp
Invoking: GCC C++ Compiler
g++ -O0 -g3 -Wall -c -fmessage-length=0 -MMD -MP -MF"src/functions.d" -MT"src/functions.o" -o "src/functions.o" "../src/functions.cpp"
../src/functions.cpp:22:2: error: void function 'getInput' should not return a value [-Wreturn-type]
        return input;
        ^      ~~~~~
../src/functions.cpp:43:6: error: cannot initialize a variable of type 'int' with an rvalue of type 'void'
        int selection = getInput();
            ^           ~~~~~~~~~~
2 errors generated.
make: *** [src/functions.o] Error 1
01:18:07 **** Incremental Build of configuration Debug for project functions ****
make all 
Building file: ../src/functions.cpp
Invoking: GCC C++ Compiler
g++ -O0 -g3 -Wall -c -fmessage-length=0 -MMD -MP -MF"src/functions.d" -MT"src/functions.o" -o "src/functions.o" "../src/functions.cpp"
Finished building: ../src/functions.cpp
 
Building target: functions
Invoking: MacOS X C++ Linker
g++  -o "functions"  ./src/functions.o   
Finished building target: functions
 
01:19:26 **** Incremental Build of configuration Debug for project functions ****
make all 
Building file: ../src/functions.cpp
Invoking: GCC C++ Compiler
g++ -O0 -g3 -Wall -c -fmessage-length=0 -MMD -MP -MF"src/functions.d" -MT"src/functions.o" -o "src/functions.o" "../src/functions.cpp"
Finished building: ../src/functions.cpp
 
Building target: functions
Invoking: MacOS X C++ Linker
g++  -o "functions"  ./src/functions.o   
Finished building target: functions
 
01:40:59 **** Build of configuration Debug for project prototypesAndIncludes ****
make all 
Building file: ../src/prototypesAndIncludes.cpp
Invoking: GCC C++ Compiler
g++ -O0 -g3 -Wall -c -fmessage-length=0 -MMD -MP -MF"src/prototypesAndIncludes.d" -MT"src/prototypesAndIncludes.o" -o "src/prototypesAndIncludes.o" "../src/prototypesAndIncludes.cpp"
Finished building: ../src/prototypesAndIncludes.cpp
 
Building target: prototypesAndIncludes
Invoking: MacOS X C++ Linker
g++  -o "prototypesAndIncludes"  ./src/prototypesAndIncludes.o   
Finished building target: prototypesAndIncludes
 
01:41:03 **** Incremental Build of configuration Debug for project prototypesAndIncludes ****
make all 
make: Nothing to be done for `all'.
01:41:19 **** Incremental Build of configuration Debug for project prototypesAndIncludes ****
make all 
Building file: ../src/prototypesAndIncludes.cpp
Invoking: GCC C++ Compiler
g++ -O0 -g3 -Wall -c -fmessage-length=0 -MMD -MP -MF"src/prototypesAndIncludes.d" -MT"src/prototypesAndIncludes.o" -o "src/prototypesAndIncludes.o" "../src/prototypesAndIncludes.cpp"
../src/prototypesAndIncludes.cpp:19:12: error: no matching function for call to 'multiplyByThree'
        int num = multiplyByThree(4);
                  ^~~~~~~~~~~~~~~
../src/utils.h:12:5: note: candidate function not viable: requires 0 arguments, but 1 was provided
int multiplyByThree();
    ^
1 error generated.
make: *** [src/prototypesAndIncludes.o] Error 1
01:41:35 **** Incremental Build of configuration Debug for project prototypesAndIncludes ****
make all 
Building file: ../src/prototypesAndIncludes.cpp
Invoking: GCC C++ Compiler
g++ -O0 -g3 -Wall -c -fmessage-length=0 -MMD -MP -MF"src/prototypesAndIncludes.d" -MT"src/prototypesAndIncludes.o" -o "src/prototypesAndIncludes.o" "../src/prototypesAndIncludes.cpp"
Finished building: ../src/prototypesAndIncludes.cpp
 
Building target: prototypesAndIncludes
Invoking: MacOS X C++ Linker
g++  -o "prototypesAndIncludes"  ./src/prototypesAndIncludes.o   
Finished building target: prototypesAndIncludes
 
01:42:52 **** Build of configuration Debug for project Classes ****
make all 
Building file: ../src/Classes.cpp
Invoking: GCC C++ Compiler
g++ -O0 -g3 -Wall -c -fmessage-length=0 -MMD -MP -MF"src/Classes.d" -MT"src/Classes.o" -o "src/Classes.o" "../src/Classes.cpp"
Finished building: ../src/Classes.cpp
 
Building target: Classes
Invoking: MacOS X C++ Linker
g++  -o "Classes"  ./src/Classes.o   
Finished building target: Classes
 
01:42:58 **** Incremental Build of configuration Debug for project Classes ****
make all 
make: Nothing to be done for `all'.
01:43:09 **** Incremental Build of configuration Debug for project Classes ****
make all 
Building file: ../src/Classes.cpp
Invoking: GCC C++ Compiler
g++ -O0 -g3 -Wall -c -fmessage-length=0 -MMD -MP -MF"src/Classes.d" -MT"src/Classes.o" -o "src/Classes.o" "../src/Classes.cpp"
Finished building: ../src/Classes.cpp
 
Building target: Classes
Invoking: MacOS X C++ Linker
g++  -o "Classes"  ./src/Classes.o   
Finished building target: Classes
 
01:47:17 **** Incremental Build of configuration Debug for project Classes ****
make all 
Building file: ../src/Cat.cpp
Invoking: GCC C++ Compiler
g++ -O0 -g3 -Wall -c -fmessage-length=0 -MMD -MP -MF"src/Cat.d" -MT"src/Cat.o" -o "src/Cat.o" "../src/Cat.cpp"
Finished building: ../src/Cat.cpp
 
Building file: ../src/Classes.cpp
Invoking: GCC C++ Compiler
g++ -O0 -g3 -Wall -c -fmessage-length=0 -MMD -MP -MF"src/Classes.d" -MT"src/Classes.o" -o "src/Classes.o" "../src/Classes.cpp"
../src/Classes.cpp:14:2: error: use of undeclared identifier 'speak'
        speak();
        ^
1 error generated.
make: *** [src/Classes.o] Error 1
01:48:01 **** Incremental Build of configuration Debug for project Classes ****
make all 
Building file: ../src/Cat.cpp
Invoking: GCC C++ Compiler
g++ -O0 -g3 -Wall -c -fmessage-length=0 -MMD -MP -MF"src/Cat.d" -MT"src/Cat.o" -o "src/Cat.o" "../src/Cat.cpp"
Finished building: ../src/Cat.cpp
 
Building file: ../src/Classes.cpp
Invoking: GCC C++ Compiler
g++ -O0 -g3 -Wall -c -fmessage-length=0 -MMD -MP -MF"src/Classes.d" -MT"src/Classes.o" -o "src/Classes.o" "../src/Classes.cpp"
Finished building: ../src/Classes.cpp
 
Building target: Classes
Invoking: MacOS X C++ Linker
g++  -o "Classes"  ./src/Cat.o ./src/Classes.o   
Finished building target: Classes
 
01:48:42 **** Incremental Build of configuration Debug for project Classes ****
make all 
Building file: ../src/Classes.cpp
Invoking: GCC C++ Compiler
g++ -O0 -g3 -Wall -c -fmessage-length=0 -MMD -MP -MF"src/Classes.d" -MT"src/Classes.o" -o "src/Classes.o" "../src/Classes.cpp"
../src/Classes.cpp:15:2: error: use of undeclared identifier 'speak'
        speak();
        ^
1 error generated.
make: *** [src/Classes.o] Error 1
01:49:03 **** Incremental Build of configuration Debug for project Classes ****
make all 
Building file: ../src/Classes.cpp
Invoking: GCC C++ Compiler
g++ -O0 -g3 -Wall -c -fmessage-length=0 -MMD -MP -MF"src/Classes.d" -MT"src/Classes.o" -o "src/Classes.o" "../src/Classes.cpp"
../src/Classes.cpp:15:2: error: use of undeclared identifier 'speak'
        speak();
        ^
1 error generated.
make: *** [src/Classes.o] Error 1
01:49:23 **** Incremental Build of configuration Debug for project Classes ****
make all 
Building file: ../src/Cat.cpp
Invoking: GCC C++ Compiler
g++ -O0 -g3 -Wall -c -fmessage-length=0 -MMD -MP -MF"src/Cat.d" -MT"src/Cat.o" -o "src/Cat.o" "../src/Cat.cpp"
Finished building: ../src/Cat.cpp
 
Building file: ../src/Classes.cpp
Invoking: GCC C++ Compiler
g++ -O0 -g3 -Wall -c -fmessage-length=0 -MMD -MP -MF"src/Classes.d" -MT"src/Classes.o" -o "src/Classes.o" "../src/Classes.cpp"
Finished building: ../src/Classes.cpp
 
Building target: Classes
Invoking: MacOS X C++ Linker
g++  -o "Classes"  ./src/Cat.o ./src/Classes.o   
Finished building target: Classes
 
01:53:21 **** Incremental Build of configuration Debug for project Classes ****
make all 
Building file: ../src/Cat.cpp
Invoking: GCC C++ Compiler
g++ -O0 -g3 -Wall -c -fmessage-length=0 -MMD -MP -MF"src/Cat.d" -MT"src/Cat.o" -o "src/Cat.o" "../src/Cat.cpp"
Finished building: ../src/Cat.cpp
 
Building file: ../src/Classes.cpp
Invoking: GCC C++ Compiler
g++ -O0 -g3 -Wall -c -fmessage-length=0 -MMD -MP -MF"src/Classes.d" -MT"src/Classes.o" -o "src/Classes.o" "../src/Classes.cpp"
Finished building: ../src/Classes.cpp
 
Building target: Classes
Invoking: MacOS X C++ Linker
g++  -o "Classes"  ./src/Cat.o ./src/Classes.o   
Finished building target: Classes
 
01:58:42 **** Incremental Build of configuration Debug for project Classes ****
make all 
Building file: ../src/Cat.cpp
Invoking: GCC C++ Compiler
g++ -O0 -g3 -Wall -c -fmessage-length=0 -MMD -MP -MF"src/Cat.d" -MT"src/Cat.o" -o "src/Cat.o" "../src/Cat.cpp"
Finished building: ../src/Cat.cpp
 
Building file: ../src/Classes.cpp
Invoking: GCC C++ Compiler
g++ -O0 -g3 -Wall -c -fmessage-length=0 -MMD -MP -MF"src/Classes.d" -MT"src/Classes.o" -o "src/Classes.o" "../src/Classes.cpp"
Finished building: ../src/Classes.cpp
 
Building target: Classes
Invoking: MacOS X C++ Linker
g++  -o "Classes"  ./src/Cat.o ./src/Classes.o   
Finished building target: Classes
 
02:01:56 **** Build of configuration Debug for project DataMembers ****
make all 
Building file: ../src/DataMembers.cpp
Invoking: GCC C++ Compiler
g++ -O0 -g3 -Wall -c -fmessage-length=0 -MMD -MP -MF"src/DataMembers.d" -MT"src/DataMembers.o" -o "src/DataMembers.o" "../src/DataMembers.cpp"
Finished building: ../src/DataMembers.cpp
 
Building target: DataMembers
Invoking: MacOS X C++ Linker
g++  -o "DataMembers"  ./src/DataMembers.o   
Finished building target: DataMembers
 
02:05:48 **** Incremental Build of configuration Debug for project DataMembers ****
make all 
Building file: ../src/DataMembers.cpp
Invoking: GCC C++ Compiler
g++ -O0 -g3 -Wall -c -fmessage-length=0 -MMD -MP -MF"src/DataMembers.d" -MT"src/DataMembers.o" -o "src/DataMembers.o" "../src/DataMembers.cpp"
In file included from ../src/DataMembers.cpp:10:
../src/Dog.h:12:8: error: expected ':'
        public
              ^
              :
../src/DataMembers.cpp:15:6: warning: unused variable 'dog' [-Wunused-variable]
        Dog dog;
            ^
1 warning and 1 error generated.
make: *** [src/DataMembers.o] Error 1
02:07:34 **** Incremental Build of configuration Debug for project DataMembers ****
make all 
Building file: ../src/DataMembers.cpp
Invoking: GCC C++ Compiler
g++ -O0 -g3 -Wall -c -fmessage-length=0 -MMD -MP -MF"src/DataMembers.d" -MT"src/DataMembers.o" -o "src/DataMembers.o" "../src/DataMembers.cpp"
Finished building: ../src/DataMembers.cpp
 
Building file: ../src/Dog.cpp
Invoking: GCC C++ Compiler
g++ -O0 -g3 -Wall -c -fmessage-length=0 -MMD -MP -MF"src/Dog.d" -MT"src/Dog.o" -o "src/Dog.o" "../src/Dog.cpp"
Finished building: ../src/Dog.cpp
 
Building target: DataMembers
Invoking: MacOS X C++ Linker
g++  -o "DataMembers"  ./src/DataMembers.o ./src/Dog.o   
Finished building target: DataMembers
 
02:10:18 **** Incremental Build of configuration Debug for project DataMembers ****
make all 
Building file: ../src/DataMembers.cpp
Invoking: GCC C++ Compiler
g++ -O0 -g3 -Wall -c -fmessage-length=0 -MMD -MP -MF"src/DataMembers.d" -MT"src/DataMembers.o" -o "src/DataMembers.o" "../src/DataMembers.cpp"
Finished building: ../src/DataMembers.cpp
 
Building file: ../src/Dog.cpp
Invoking: GCC C++ Compiler
g++ -O0 -g3 -Wall -c -fmessage-length=0 -MMD -MP -MF"src/Dog.d" -MT"src/Dog.o" -o "src/Dog.o" "../src/Dog.cpp"
Finished building: ../src/Dog.cpp
 
Building target: DataMembers
Invoking: MacOS X C++ Linker
g++  -o "DataMembers"  ./src/DataMembers.o ./src/Dog.o   
Finished building target: DataMembers
 
02:10:29 **** Incremental Build of configuration Debug for project DataMembers ****
make all 
Building file: ../src/DataMembers.cpp
Invoking: GCC C++ Compiler
g++ -O0 -g3 -Wall -c -fmessage-length=0 -MMD -MP -MF"src/DataMembers.d" -MT"src/DataMembers.o" -o "src/DataMembers.o" "../src/DataMembers.cpp"
Finished building: ../src/DataMembers.cpp
 
Building target: DataMembers
Invoking: MacOS X C++ Linker
g++  -o "DataMembers"  ./src/DataMembers.o ./src/Dog.o   
Finished building target: DataMembers
 
02:10:48 **** Incremental Build of configuration Debug for project DataMembers ****
make all 
Building file: ../src/DataMembers.cpp
Invoking: GCC C++ Compiler
g++ -O0 -g3 -Wall -c -fmessage-length=0 -MMD -MP -MF"src/DataMembers.d" -MT"src/DataMembers.o" -o "src/DataMembers.o" "../src/DataMembers.cpp"
Finished building: ../src/DataMembers.cpp
 
Building target: DataMembers
Invoking: MacOS X C++ Linker
g++  -o "DataMembers"  ./src/DataMembers.o ./src/Dog.o   
Finished building target: DataMembers
 
02:14:17 **** Incremental Build of configuration Debug for project DataMembers ****
make all 
Building file: ../src/DataMembers.cpp
Invoking: GCC C++ Compiler
g++ -O0 -g3 -Wall -c -fmessage-length=0 -MMD -MP -MF"src/DataMembers.d" -MT"src/DataMembers.o" -o "src/DataMembers.o" "../src/DataMembers.cpp"
Finished building: ../src/DataMembers.cpp
 
Building file: ../src/Dog.cpp
Invoking: GCC C++ Compiler
g++ -O0 -g3 -Wall -c -fmessage-length=0 -MMD -MP -MF"src/Dog.d" -MT"src/Dog.o" -o "src/Dog.o" "../src/Dog.cpp"
Finished building: ../src/Dog.cpp
 
Building target: DataMembers
Invoking: MacOS X C++ Linker
g++  -o "DataMembers"  ./src/DataMembers.o ./src/Dog.o   
Finished building target: DataMembers
 
21:06:38 **** Build of configuration Debug for project Data Members 2 ****
make all 
Building file: ../src/Cat.cpp
Invoking: GCC C++ Compiler
g++ -O0 -g3 -Wall -c -fmessage-length=0 -MMD -MP -MF"src/Cat.d" -MT"src/Cat.o" -o "src/Cat.o" "../src/Cat.cpp"
Finished building: ../src/Cat.cpp
 
Building file: ../src/Data Members 2.cpp
Invoking: GCC C++ Compiler
g++ -O0 -g3 -Wall -c -fmessage-length=0 -MMD -MP -MF"src/Data Members 2.d" -MT"src/Data\ Members\ 2.d" -o "src/Data Members 2.o" "../src/Data Members 2.cpp"
../src/Data Members 2.cpp:14:6: warning: unused variable 'jim' [-Wunused-variable]
        Cat jim;
            ^
1 warning generated.
Finished building: ../src/Data Members 2.cpp
 
Building target: Data Members 2
Invoking: MacOS X C++ Linker
g++  -o "Data Members 2"  ./src/Cat.o ./src/Data\ Members\ 2.o   
Finished building target: Data Members 2
 
21:09:36 **** Incremental Build of configuration Debug for project Data Members 2 ****
make all 
Building file: ../src/Cat.cpp
Invoking: GCC C++ Compiler
g++ -O0 -g3 -Wall -c -fmessage-length=0 -MMD -MP -MF"src/Cat.d" -MT"src/Cat.o" -o "src/Cat.o" "../src/Cat.cpp"
Finished building: ../src/Cat.cpp
 
Building file: ../src/Data Members 2.cpp
Invoking: GCC C++ Compiler
g++ -O0 -g3 -Wall -c -fmessage-length=0 -MMD -MP -MF"src/Data Members 2.d" -MT"src/Data\ Members\ 2.d" -o "src/Data Members 2.o" "../src/Data Members 2.cpp"
Finished building: ../src/Data Members 2.cpp
 
Building target: Data Members 2
Invoking: MacOS X C++ Linker
g++  -o "Data Members 2"  ./src/Cat.o ./src/Data\ Members\ 2.o   
Finished building target: Data Members 2
 
21:13:14 **** Incremental Build of configuration Debug for project Data Members 2 ****
make all 
Building file: ../src/Cat.cpp
Invoking: GCC C++ Compiler
g++ -O0 -g3 -Wall -c -fmessage-length=0 -MMD -MP -MF"src/Cat.d" -MT"src/Cat.o" -o "src/Cat.o" "../src/Cat.cpp"
Finished building: ../src/Cat.cpp
 
Building file: ../src/Data Members 2.cpp
Invoking: GCC C++ Compiler
g++ -O0 -g3 -Wall -c -fmessage-length=0 -MMD -MP -MF"src/Data Members 2.d" -MT"src/Data\ Members\ 2.d" -o "src/Data Members 2.o" "../src/Data Members 2.cpp"
../src/Data Members 2.cpp:16:6: error: 'happy' is a private member of 'Cat'
        jim.happy = false;
            ^
../src/Cat.h:13:7: note: declared private here
        bool happy;
             ^
../src/Data Members 2.cpp:20:6: error: 'happy' is a private member of 'Cat'
        bob.happy = true;
            ^
../src/Cat.h:13:7: note: declared private here
        bool happy;
             ^
2 errors generated.
make: *** [src/Data Members 2.o] Error 1
21:15:20 **** Incremental Build of configuration Debug for project Data Members 2 ****
make all 
Building file: ../src/Cat.cpp
Invoking: GCC C++ Compiler
g++ -O0 -g3 -Wall -c -fmessage-length=0 -MMD -MP -MF"src/Cat.d" -MT"src/Cat.o" -o "src/Cat.o" "../src/Cat.cpp"
Finished building: ../src/Cat.cpp
 
Building file: ../src/Data Members 2.cpp
Invoking: GCC C++ Compiler
g++ -O0 -g3 -Wall -c -fmessage-length=0 -MMD -MP -MF"src/Data Members 2.d" -MT"src/Data\ Members\ 2.d" -o "src/Data Members 2.o" "../src/Data Members 2.cpp"
Finished building: ../src/Data Members 2.cpp
 
Building target: Data Members 2
Invoking: MacOS X C++ Linker
g++  -o "Data Members 2"  ./src/Cat.o ./src/Data\ Members\ 2.o   
Finished building target: Data Members 2
 
01:03:02 **** Incremental Build of configuration Debug for project Data Members 2 ****
make all 
Building file: ../src/Data Members 2.cpp
Invoking: GCC C++ Compiler
g++ -O0 -g3 -Wall -c -fmessage-length=0 -MMD -MP -MF"src/Data Members 2.d" -MT"src/Data\ Members\ 2.d" -o "src/Data Members 2.o" "../src/Data Members 2.cpp"
Finished building: ../src/Data Members 2.cpp
 
Building target: Data Members 2
Invoking: MacOS X C++ Linker
g++  -o "Data Members 2"  ./src/Cat.o ./src/Data\ Members\ 2.o   
Finished building target: Data Members 2
 
01:06:31 **** Build of configuration Debug for project Constructors and Destructors ****
make all 
Building file: ../src/Cat.cpp
Invoking: GCC C++ Compiler
g++ -O0 -g3 -Wall -c -fmessage-length=0 -MMD -MP -MF"src/Cat.d" -MT"src/Cat.o" -o "src/Cat.o" "../src/Cat.cpp"
Finished building: ../src/Cat.cpp
 
Building file: ../src/Constructors and Destructors.cpp
Invoking: GCC C++ Compiler
g++ -O0 -g3 -Wall -c -fmessage-length=0 -MMD -MP -MF"src/Constructors and Destructors.d" -MT"src/Constructors\ and\ Destructors.d" -o "src/Constructors and Destructors.o" "../src/Constructors and Destructors.cpp"
Finished building: ../src/Constructors and Destructors.cpp
 
Building target: Constructors and Destructors
Invoking: MacOS X C++ Linker
g++  -o "Constructors and Destructors"  ./src/Cat.o ./src/Constructors\ and\ Destructors.o   
Finished building target: Constructors and Destructors
 
01:08:50 **** Incremental Build of configuration Debug for project Constructors and Destructors ****
make all 
Building file: ../src/Cat.cpp
Invoking: GCC C++ Compiler
g++ -O0 -g3 -Wall -c -fmessage-length=0 -MMD -MP -MF"src/Cat.d" -MT"src/Cat.o" -o "src/Cat.o" "../src/Cat.cpp"
Finished building: ../src/Cat.cpp
 
Building file: ../src/Constructors and Destructors.cpp
Invoking: GCC C++ Compiler
g++ -O0 -g3 -Wall -c -fmessage-length=0 -MMD -MP -MF"src/Constructors and Destructors.d" -MT"src/Constructors\ and\ Destructors.d" -o "src/Constructors and Destructors.o" "../src/Constructors and Destructors.cpp"
../src/Constructors and Destructors.cpp:10:17: warning: extra tokens at end of #include directive [-Wextra-tokens]
#include "Cat.h";
                ^
                //
1 warning generated.
Finished building: ../src/Constructors and Destructors.cpp
 
Building target: Constructors and Destructors
Invoking: MacOS X C++ Linker
g++  -o "Constructors and Destructors"  ./src/Cat.o ./src/Constructors\ and\ Destructors.o   
Finished building target: Constructors and Destructors
 
01:10:58 **** Incremental Build of configuration Debug for project Constructors and Destructors ****
make all 
Building file: ../src/Cat.cpp
Invoking: GCC C++ Compiler
g++ -O0 -g3 -Wall -c -fmessage-length=0 -MMD -MP -MF"src/Cat.d" -MT"src/Cat.o" -o "src/Cat.o" "../src/Cat.cpp"
In file included from ../src/Cat.cpp:8:
../src/Cat.h:13:13: warning: in-class initialization of non-static data member is a C++11 extension [-Wc++11-extensions]
        bool happy = true;
                   ^
1 warning generated.
Finished building: ../src/Cat.cpp
 
Building file: ../src/Constructors and Destructors.cpp
Invoking: GCC C++ Compiler
g++ -O0 -g3 -Wall -c -fmessage-length=0 -MMD -MP -MF"src/Constructors and Destructors.d" -MT"src/Constructors\ and\ Destructors.d" -o "src/Constructors and Destructors.o" "../src/Constructors and Destructors.cpp"
In file included from ../src/Constructors and Destructors.cpp:10:
../src/Cat.h:13:13: warning: in-class initialization of non-static data member is a C++11 extension [-Wc++11-extensions]
        bool happy = true;
                   ^
1 warning generated.
Finished building: ../src/Constructors and Destructors.cpp
 
Building target: Constructors and Destructors
Invoking: MacOS X C++ Linker
g++  -o "Constructors and Destructors"  ./src/Cat.o ./src/Constructors\ and\ Destructors.o   
Finished building target: Constructors and Destructors
 
01:14:06 **** Incremental Build of configuration Debug for project Constructors and Destructors ****
make all 
Building file: ../src/Cat.cpp
Invoking: GCC C++ Compiler
g++ -O0 -g3 -Wall -c -fmessage-length=0 -MMD -MP -MF"src/Cat.d" -MT"src/Cat.o" -o "src/Cat.o" "../src/Cat.cpp"
Finished building: ../src/Cat.cpp
 
Building file: ../src/Constructors and Destructors.cpp
Invoking: GCC C++ Compiler
g++ -O0 -g3 -Wall -c -fmessage-length=0 -MMD -MP -MF"src/Constructors and Destructors.d" -MT"src/Constructors\ and\ Destructors.d" -o "src/Constructors and Destructors.o" "../src/Constructors and Destructors.cpp"
Finished building: ../src/Constructors and Destructors.cpp
 
Building target: Constructors and Destructors
Invoking: MacOS X C++ Linker
g++  -o "Constructors and Destructors"  ./src/Cat.o ./src/Constructors\ and\ Destructors.o   
Finished building target: Constructors and Destructors
 
01:15:41 **** Incremental Build of configuration Debug for project Constructors and Destructors ****
make all 
Building file: ../src/Cat.cpp
Invoking: GCC C++ Compiler
g++ -O0 -g3 -Wall -c -fmessage-length=0 -MMD -MP -MF"src/Cat.d" -MT"src/Cat.o" -o "src/Cat.o" "../src/Cat.cpp"
Finished building: ../src/Cat.cpp
 
Building file: ../src/Constructors and Destructors.cpp
Invoking: GCC C++ Compiler
g++ -O0 -g3 -Wall -c -fmessage-length=0 -MMD -MP -MF"src/Constructors and Destructors.d" -MT"src/Constructors\ and\ Destructors.d" -o "src/Constructors and Destructors.o" "../src/Constructors and Destructors.cpp"
Finished building: ../src/Constructors and Destructors.cpp
 
Building target: Constructors and Destructors
Invoking: MacOS X C++ Linker
g++  -o "Constructors and Destructors"  ./src/Cat.o ./src/Constructors\ and\ Destructors.o   
Finished building target: Constructors and Destructors
 
01:18:16 **** Incremental Build of configuration Debug for project Constructors and Destructors ****
make all 
Building file: ../src/Constructors and Destructors.cpp
Invoking: GCC C++ Compiler
g++ -O0 -g3 -Wall -c -fmessage-length=0 -MMD -MP -MF"src/Constructors and Destructors.d" -MT"src/Constructors\ and\ Destructors.d" -o "src/Constructors and Destructors.o" "../src/Constructors and Destructors.cpp"
Finished building: ../src/Constructors and Destructors.cpp
 
Building target: Constructors and Destructors
Invoking: MacOS X C++ Linker
g++  -o "Constructors and Destructors"  ./src/Cat.o ./src/Constructors\ and\ Destructors.o   
Finished building target: Constructors and Destructors
 
